<!DOCTYPE html>
<html>
  <head>
    <meta charset="utf-8" />
    <title>Sdiff make/Main.gmk</title>
    <link rel="stylesheet" href="../style.css" />
  </head>
<body>
<center><a href="CompileDemos.gmk.sdiff.html" target="_top">&lt; prev</a> <a href="../index.html" target="_top">index</a> <a href="autoconf/flags-other.m4.sdiff.html" target="_top">next &gt;</a></center>    <h2>make/Main.gmk</h2>
     <a class="print" href="javascript:print()">Print this page</a>
<table>
<tr valign="top">
<td>
<hr />
<pre>
 623 ))
 624 
 625 $(eval $(call SetupTarget, test-image-hotspot-jtreg-native, \
 626     MAKEFILE := test/JtregNativeHotspot, \
 627     TARGET := test-image-hotspot-jtreg-native, \
 628     DEPS := build-test-hotspot-jtreg-native, \
 629 ))
 630 
 631 $(eval $(call SetupTarget, build-test-jdk-jtreg-native, \
 632     MAKEFILE := test/JtregNativeJdk, \
 633     TARGET := build-test-jdk-jtreg-native, \
 634     DEPS := buildtools-jdk java.base-libs, \
 635 ))
 636 
 637 $(eval $(call SetupTarget, test-image-jdk-jtreg-native, \
 638     MAKEFILE := test/JtregNativeJdk, \
 639     TARGET := test-image-jdk-jtreg-native, \
 640     DEPS := build-test-jdk-jtreg-native, \
 641 ))
 642 














 643 $(eval $(call SetupTarget, build-test-libtest-jtreg-native, \
 644     MAKEFILE := test/JtregNativeLibTest, \
 645     TARGET := build-test-libtest-jtreg-native, \
 646     DEPS := buildtools-jdk, \
 647 ))
 648 
 649 $(eval $(call SetupTarget, test-image-libtest-jtreg-native, \
 650     MAKEFILE := test/JtregNativeLibTest, \
 651     TARGET := test-image-libtest-jtreg-native, \
 652     DEPS := build-test-libtest-jtreg-native, \
 653 ))
 654 
 655 $(eval $(call SetupTarget, build-test-hotspot-jtreg-graal, \
 656     MAKEFILE := test/JtregGraalUnit, \
 657     TARGET := build-test-hotspot-jtreg-graal, \
 658     DEPS := exploded-image, \
 659 ))
 660 
 661 $(eval $(call SetupTarget, test-image-hotspot-jtreg-graal, \
 662     MAKEFILE := test/JtregGraalUnit, \
</pre>
<hr />
<pre>
1101 # The module summary cannot be run when:
1102 # * Cross compiling and building a partial BUILDJDK for the build host
1103 # * An external buildjdk has been supplied since it may not match the
1104 #   module selection of the target jdk
1105 ifneq ($(CREATE_BUILDJDK), true)
1106   ifeq ($(EXTERNAL_BUILDJDK), false)
1107     product-images: generate-summary
1108   endif
1109 endif
1110 
1111 ifeq ($(call isTargetOs, macosx), true)
1112   product-images: mac-jdk-bundle
1113 
1114   legacy-images: mac-legacy-jre-bundle
1115 endif
1116 
1117 # This target builds the documentation image
1118 docs-image: docs-jdk
1119 
1120 # This target builds the test image
<span class="line-modified">1121 test-image: prepare-test-image test-image-jdk-jtreg-native test-image-demos-jdk test-image-libtest-jtreg-native</span>


1122 
1123 ifneq ($(JVM_TEST_IMAGE_TARGETS), )
1124   # If JVM_TEST_IMAGE_TARGETS is externally defined, use it instead of the
1125   # standard hotspot set of tests.
1126   test-image: $(JVM_TEST_IMAGE_TARGETS)
1127 else
1128   test-image: test-image-hotspot-jtreg-native
1129   ifneq ($(GTEST_FRAMEWORK_SRC), )
1130     test-image: test-image-hotspot-gtest
1131   endif
1132 
1133   ifeq ($(INCLUDE_GRAAL), true)
1134     test-image: test-image-hotspot-jtreg-graal
1135   endif
1136 endif
1137 
1138 ifeq ($(BUILD_FAILURE_HANDLER), true)
1139   test-image: test-image-failure-handler
1140 endif
1141 
</pre>
</td>
<td>
<hr />
<pre>
 623 ))
 624 
 625 $(eval $(call SetupTarget, test-image-hotspot-jtreg-native, \
 626     MAKEFILE := test/JtregNativeHotspot, \
 627     TARGET := test-image-hotspot-jtreg-native, \
 628     DEPS := build-test-hotspot-jtreg-native, \
 629 ))
 630 
 631 $(eval $(call SetupTarget, build-test-jdk-jtreg-native, \
 632     MAKEFILE := test/JtregNativeJdk, \
 633     TARGET := build-test-jdk-jtreg-native, \
 634     DEPS := buildtools-jdk java.base-libs, \
 635 ))
 636 
 637 $(eval $(call SetupTarget, test-image-jdk-jtreg-native, \
 638     MAKEFILE := test/JtregNativeJdk, \
 639     TARGET := test-image-jdk-jtreg-native, \
 640     DEPS := build-test-jdk-jtreg-native, \
 641 ))
 642 
<span class="line-added"> 643 # Native files needed by the testlib</span>
<span class="line-added"> 644 $(eval $(call SetupTarget, build-test-lib-native, \</span>
<span class="line-added"> 645     MAKEFILE := test/BuildTestLibNative, \</span>
<span class="line-added"> 646     TARGET := build-test-lib-native, \</span>
<span class="line-added"> 647     DEPS := buildtools-jdk java.base-libs, \</span>
<span class="line-added"> 648 ))</span>
<span class="line-added"> 649 </span>
<span class="line-added"> 650 $(eval $(call SetupTarget, test-image-lib-native, \</span>
<span class="line-added"> 651     MAKEFILE := test/BuildTestLibNative, \</span>
<span class="line-added"> 652     TARGET := test-image-lib-native, \</span>
<span class="line-added"> 653     DEPS := build-test-lib-native, \</span>
<span class="line-added"> 654 ))</span>
<span class="line-added"> 655 </span>
<span class="line-added"> 656 # Native files needed when testing the testlib itself</span>
 657 $(eval $(call SetupTarget, build-test-libtest-jtreg-native, \
 658     MAKEFILE := test/JtregNativeLibTest, \
 659     TARGET := build-test-libtest-jtreg-native, \
 660     DEPS := buildtools-jdk, \
 661 ))
 662 
 663 $(eval $(call SetupTarget, test-image-libtest-jtreg-native, \
 664     MAKEFILE := test/JtregNativeLibTest, \
 665     TARGET := test-image-libtest-jtreg-native, \
 666     DEPS := build-test-libtest-jtreg-native, \
 667 ))
 668 
 669 $(eval $(call SetupTarget, build-test-hotspot-jtreg-graal, \
 670     MAKEFILE := test/JtregGraalUnit, \
 671     TARGET := build-test-hotspot-jtreg-graal, \
 672     DEPS := exploded-image, \
 673 ))
 674 
 675 $(eval $(call SetupTarget, test-image-hotspot-jtreg-graal, \
 676     MAKEFILE := test/JtregGraalUnit, \
</pre>
<hr />
<pre>
1115 # The module summary cannot be run when:
1116 # * Cross compiling and building a partial BUILDJDK for the build host
1117 # * An external buildjdk has been supplied since it may not match the
1118 #   module selection of the target jdk
1119 ifneq ($(CREATE_BUILDJDK), true)
1120   ifeq ($(EXTERNAL_BUILDJDK), false)
1121     product-images: generate-summary
1122   endif
1123 endif
1124 
1125 ifeq ($(call isTargetOs, macosx), true)
1126   product-images: mac-jdk-bundle
1127 
1128   legacy-images: mac-legacy-jre-bundle
1129 endif
1130 
1131 # This target builds the documentation image
1132 docs-image: docs-jdk
1133 
1134 # This target builds the test image
<span class="line-modified">1135 test-image: prepare-test-image test-image-jdk-jtreg-native \</span>
<span class="line-added">1136     test-image-demos-jdk test-image-libtest-jtreg-native \</span>
<span class="line-added">1137     test-image-lib-native</span>
1138 
1139 ifneq ($(JVM_TEST_IMAGE_TARGETS), )
1140   # If JVM_TEST_IMAGE_TARGETS is externally defined, use it instead of the
1141   # standard hotspot set of tests.
1142   test-image: $(JVM_TEST_IMAGE_TARGETS)
1143 else
1144   test-image: test-image-hotspot-jtreg-native
1145   ifneq ($(GTEST_FRAMEWORK_SRC), )
1146     test-image: test-image-hotspot-gtest
1147   endif
1148 
1149   ifeq ($(INCLUDE_GRAAL), true)
1150     test-image: test-image-hotspot-jtreg-graal
1151   endif
1152 endif
1153 
1154 ifeq ($(BUILD_FAILURE_HANDLER), true)
1155   test-image: test-image-failure-handler
1156 endif
1157 
</pre>
</td>
</tr>
</table>
<center><a href="CompileDemos.gmk.sdiff.html" target="_top">&lt; prev</a> <a href="../index.html" target="_top">index</a> <a href="autoconf/flags-other.m4.sdiff.html" target="_top">next &gt;</a></center>  </body>
</html>